<?xml version="1.0" encoding="UTF-8"?>
<testsuite xmlns:xsi="http://www.w3.org/2001/XMLSchema-instance" xsi:noNamespaceSchemaLocation="https://maven.apache.org/surefire/maven-surefire-plugin/xsd/surefire-test-report-3.0.xsd" version="3.0" name="org.example.acrastt.utils.ConcurrentListTest" time="0.848" tests="47" errors="0" skipped="0" failures="0">
  <properties>
    <property name="java.specification.version" value="17"/>
    <property name="sun.jnu.encoding" value="UTF-8"/>
    <property name="java.class.path" value="/Users/Bohan/IdeaProjects/acrastt.Utils/target/test-classes:/Users/Bohan/IdeaProjects/acrastt.Utils/target/classes:/Users/Bohan/.m2/repository/org/apache/commons/commons-collections4/4.4/commons-collections4-4.4.jar:/Users/Bohan/.m2/repository/org/apache/commons/commons-math/2.2/commons-math-2.2.jar:/Users/Bohan/.m2/repository/org/apache/commons/commons-lang3/3.12.0/commons-lang3-3.12.0.jar:/Users/Bohan/.m2/repository/commons-io/commons-io/2.11.0/commons-io-2.11.0.jar:/Users/Bohan/.m2/repository/org/openjdk/jmh/jmh-core/1.36/jmh-core-1.36.jar:/Users/Bohan/.m2/repository/net/sf/jopt-simple/jopt-simple/5.0.4/jopt-simple-5.0.4.jar:/Users/Bohan/.m2/repository/org/apache/commons/commons-math3/3.2/commons-math3-3.2.jar:/Users/Bohan/.m2/repository/org/openjdk/jmh/jmh-generator-annprocess/1.36/jmh-generator-annprocess-1.36.jar:/Users/Bohan/.m2/repository/ch/qos/logback/logback-classic/1.4.5/logback-classic-1.4.5.jar:/Users/Bohan/.m2/repository/ch/qos/logback/logback-core/1.4.5/logback-core-1.4.5.jar:/Users/Bohan/.m2/repository/org/slf4j/slf4j-api/2.0.4/slf4j-api-2.0.4.jar:/Users/Bohan/.m2/repository/org/junit/jupiter/junit-jupiter-api/5.9.2/junit-jupiter-api-5.9.2.jar:/Users/Bohan/.m2/repository/org/opentest4j/opentest4j/1.2.0/opentest4j-1.2.0.jar:/Users/Bohan/.m2/repository/org/junit/platform/junit-platform-commons/1.9.2/junit-platform-commons-1.9.2.jar:/Users/Bohan/.m2/repository/org/apiguardian/apiguardian-api/1.1.2/apiguardian-api-1.1.2.jar:/Users/Bohan/.m2/repository/org/junit/jupiter/junit-jupiter-engine/5.9.2/junit-jupiter-engine-5.9.2.jar:/Users/Bohan/.m2/repository/org/junit/platform/junit-platform-engine/1.9.2/junit-platform-engine-1.9.2.jar:/Users/Bohan/.m2/repository/org/openjdk/jmh/jmh-samples/1.36/jmh-samples-1.36.jar:"/>
    <property name="java.vm.vendor" value="Oracle Corporation"/>
    <property name="sun.arch.data.model" value="64"/>
    <property name="java.vendor.url" value="https://java.oracle.com/"/>
    <property name="user.timezone" value="America/Vancouver"/>
    <property name="os.name" value="Mac OS X"/>
    <property name="java.vm.specification.version" value="17"/>
    <property name="sun.java.launcher" value="SUN_STANDARD"/>
    <property name="user.country" value="CA"/>
    <property name="sun.boot.library.path" value="/Users/Bohan/graalvm-ee-java17-22.3.1/Contents/Home/lib"/>
    <property name="sun.java.command" value="/Users/Bohan/IdeaProjects/acrastt.Utils/target/surefire/surefirebooter-20230316131653777_3.jar /Users/Bohan/IdeaProjects/acrastt.Utils/target/surefire 2023-03-16T13-16-53_366-jvmRun1 surefire-20230316131653777_1tmp surefire_0-20230316131653777_2tmp"/>
    <property name="http.nonProxyHosts" value="local|*.local|169.254/16|*.169.254/16"/>
    <property name="jdk.debug" value="release"/>
    <property name="surefire.test.class.path" value="/Users/Bohan/IdeaProjects/acrastt.Utils/target/test-classes:/Users/Bohan/IdeaProjects/acrastt.Utils/target/classes:/Users/Bohan/.m2/repository/org/apache/commons/commons-collections4/4.4/commons-collections4-4.4.jar:/Users/Bohan/.m2/repository/org/apache/commons/commons-math/2.2/commons-math-2.2.jar:/Users/Bohan/.m2/repository/org/apache/commons/commons-lang3/3.12.0/commons-lang3-3.12.0.jar:/Users/Bohan/.m2/repository/commons-io/commons-io/2.11.0/commons-io-2.11.0.jar:/Users/Bohan/.m2/repository/org/openjdk/jmh/jmh-core/1.36/jmh-core-1.36.jar:/Users/Bohan/.m2/repository/net/sf/jopt-simple/jopt-simple/5.0.4/jopt-simple-5.0.4.jar:/Users/Bohan/.m2/repository/org/apache/commons/commons-math3/3.2/commons-math3-3.2.jar:/Users/Bohan/.m2/repository/org/openjdk/jmh/jmh-generator-annprocess/1.36/jmh-generator-annprocess-1.36.jar:/Users/Bohan/.m2/repository/ch/qos/logback/logback-classic/1.4.5/logback-classic-1.4.5.jar:/Users/Bohan/.m2/repository/ch/qos/logback/logback-core/1.4.5/logback-core-1.4.5.jar:/Users/Bohan/.m2/repository/org/slf4j/slf4j-api/2.0.4/slf4j-api-2.0.4.jar:/Users/Bohan/.m2/repository/org/junit/jupiter/junit-jupiter-api/5.9.2/junit-jupiter-api-5.9.2.jar:/Users/Bohan/.m2/repository/org/opentest4j/opentest4j/1.2.0/opentest4j-1.2.0.jar:/Users/Bohan/.m2/repository/org/junit/platform/junit-platform-commons/1.9.2/junit-platform-commons-1.9.2.jar:/Users/Bohan/.m2/repository/org/apiguardian/apiguardian-api/1.1.2/apiguardian-api-1.1.2.jar:/Users/Bohan/.m2/repository/org/junit/jupiter/junit-jupiter-engine/5.9.2/junit-jupiter-engine-5.9.2.jar:/Users/Bohan/.m2/repository/org/junit/platform/junit-platform-engine/1.9.2/junit-platform-engine-1.9.2.jar:/Users/Bohan/.m2/repository/org/openjdk/jmh/jmh-samples/1.36/jmh-samples-1.36.jar:"/>
    <property name="sun.cpu.endian" value="little"/>
    <property name="user.home" value="/Users/Bohan"/>
    <property name="user.language" value="zh"/>
    <property name="java.specification.vendor" value="Oracle Corporation"/>
    <property name="java.version.date" value="2023-01-17"/>
    <property name="java.home" value="/Users/Bohan/graalvm-ee-java17-22.3.1/Contents/Home"/>
    <property name="file.separator" value="/"/>
    <property name="basedir" value="/Users/Bohan/IdeaProjects/acrastt.Utils"/>
    <property name="java.vm.compressedOopsMode" value="Zero based"/>
    <property name="jdk.internal.vm.ci.enabled" value="true"/>
    <property name="line.separator" value="&#10;"/>
    <property name="java.vm.specification.vendor" value="Oracle Corporation"/>
    <property name="java.specification.name" value="Java Platform API Specification"/>
    <property name="apple.awt.application.name" value="ForkedBooter"/>
    <property name="surefire.real.class.path" value="/Users/Bohan/IdeaProjects/acrastt.Utils/target/surefire/surefirebooter-20230316131653777_3.jar"/>
    <property name="user.script" value="Hans"/>
    <property name="sun.management.compiler" value="HotSpot 64-Bit Tiered Compilers"/>
    <property name="ftp.nonProxyHosts" value="local|*.local|169.254/16|*.169.254/16"/>
    <property name="java.runtime.version" value="17.0.6+9-LTS-jvmci-22.3-b11"/>
    <property name="user.name" value="Bohan"/>
    <property name="path.separator" value=":"/>
    <property name="os.version" value="13.3"/>
    <property name="java.runtime.name" value="Java(TM) SE Runtime Environment"/>
    <property name="file.encoding" value="UTF-8"/>
    <property name="java.vm.name" value="Java HotSpot(TM) 64-Bit Server VM"/>
    <property name="java.vendor.version" value="GraalVM EE 22.3.1"/>
    <property name="localRepository" value="/Users/Bohan/.m2/repository"/>
    <property name="java.vendor.url.bug" value="https://bugreport.java.com/bugreport/"/>
    <property name="java.io.tmpdir" value="/var/folders/3w/mvfnnyz506ddfscfd3sf4yfc0000gp/T/"/>
    <property name="java.version" value="17.0.6"/>
    <property name="user.dir" value="/Users/Bohan/IdeaProjects/acrastt.Utils"/>
    <property name="os.arch" value="x86_64"/>
    <property name="java.vm.specification.name" value="Java Virtual Machine Specification"/>
    <property name="native.encoding" value="UTF-8"/>
    <property name="java.library.path" value="/Users/Bohan/Library/Java/Extensions:/Library/Java/Extensions:/Network/Library/Java/Extensions:/System/Library/Java/Extensions:/usr/lib/java:."/>
    <property name="java.vm.info" value="mixed mode, sharing"/>
    <property name="java.vendor" value="Oracle Corporation"/>
    <property name="java.vm.version" value="17.0.6+9-LTS-jvmci-22.3-b11"/>
    <property name="sun.io.unicode.encoding" value="UnicodeBig"/>
    <property name="socksNonProxyHosts" value="local|*.local|169.254/16|*.169.254/16"/>
    <property name="java.class.version" value="61.0"/>
  </properties>
  <testcase name="testToStringAndToArray" classname="org.example.acrastt.utils.ConcurrentListTest" time="0.073"/>
  <testcase name="testReplaceAll" classname="org.example.acrastt.utils.ConcurrentListTest" time="0.004"/>
  <testcase name="testCopyConstructor" classname="org.example.acrastt.utils.ConcurrentListTest" time="0.004"/>
  <testcase name="testClear" classname="org.example.acrastt.utils.ConcurrentListTest" time="0.006"/>
  <testcase name="testSize" classname="org.example.acrastt.utils.ConcurrentListTest" time="0.011"/>
  <testcase name="testSort" classname="org.example.acrastt.utils.ConcurrentListTest" time="0.002"/>
  <testcase name="testLastIndexOf" classname="org.example.acrastt.utils.ConcurrentListTest" time="0.002"/>
  <testcase name="testForEach" classname="org.example.acrastt.utils.ConcurrentListTest" time="0.004"/>
  <testcase name="testListIterator" classname="org.example.acrastt.utils.ConcurrentListTest" time="0.005"/>
  <testcase name="testRemoveRange" classname="org.example.acrastt.utils.ConcurrentListTest" time="0.006"/>
  <testcase name="testToArrayWithArguments" classname="org.example.acrastt.utils.ConcurrentListTest" time="0.003"/>
  <testcase name="testListIteratorAt" classname="org.example.acrastt.utils.ConcurrentListTest" time="0.007"/>
  <testcase name="testRetainAll" classname="org.example.acrastt.utils.ConcurrentListTest" time="0.002"/>
  <testcase name="testToArrayWithIntFunction" classname="org.example.acrastt.utils.ConcurrentListTest" time="0.003"/>
  <testcase name="removeAt" classname="org.example.acrastt.utils.ConcurrentListTest" time="0.003"/>
  <testcase name="testContainsAll" classname="org.example.acrastt.utils.ConcurrentListTest" time="0.004"/>
  <testcase name="testAddAllWithTwoArguments" classname="org.example.acrastt.utils.ConcurrentListTest" time="0.004"/>
  <testcase name="testContains" classname="org.example.acrastt.utils.ConcurrentListTest" time="0.008"/>
  <testcase name="testAddAndGet" classname="org.example.acrastt.utils.ConcurrentListTest" time="0.003"/>
  <testcase name="testRemoveIf" classname="org.example.acrastt.utils.ConcurrentListTest" time="0.002"/>
  <testcase name="testEnsureCapacity" classname="org.example.acrastt.utils.ConcurrentListTest" time="0.005"/>
  <testcase name="testConcurrency" classname="org.example.acrastt.utils.ConcurrentListTest" time="0.07"/>
  <testcase name="testConcurrency" classname="org.example.acrastt.utils.ConcurrentListTest" time="0.03"/>
  <testcase name="testConcurrency" classname="org.example.acrastt.utils.ConcurrentListTest" time="0.038"/>
  <testcase name="testConcurrency" classname="org.example.acrastt.utils.ConcurrentListTest" time="0.022"/>
  <testcase name="testConcurrency" classname="org.example.acrastt.utils.ConcurrentListTest" time="0.031"/>
  <testcase name="testConcurrency" classname="org.example.acrastt.utils.ConcurrentListTest" time="0.018"/>
  <testcase name="testConcurrency" classname="org.example.acrastt.utils.ConcurrentListTest" time="0.024"/>
  <testcase name="testConcurrency" classname="org.example.acrastt.utils.ConcurrentListTest" time="0.015"/>
  <testcase name="testConcurrency" classname="org.example.acrastt.utils.ConcurrentListTest" time="0.015"/>
  <testcase name="testConcurrency" classname="org.example.acrastt.utils.ConcurrentListTest" time="0.017"/>
  <testcase name="testHashCode" classname="org.example.acrastt.utils.ConcurrentListTest" time="0.002"/>
  <testcase name="testParallelStream" classname="org.example.acrastt.utils.ConcurrentListTest" time="0.003"/>
  <testcase name="testTrimToSize" classname="org.example.acrastt.utils.ConcurrentListTest" time="0.002"/>
  <testcase name="testAddAll" classname="org.example.acrastt.utils.ConcurrentListTest" time="0.001"/>
  <testcase name="testSetWithTwoParameters" classname="org.example.acrastt.utils.ConcurrentListTest" time="0.001"/>
  <testcase name="testEquals" classname="org.example.acrastt.utils.ConcurrentListTest" time="0.002"/>
  <testcase name="testIndexOf" classname="org.example.acrastt.utils.ConcurrentListTest" time="0.001"/>
  <testcase name="testAddAtPosition" classname="org.example.acrastt.utils.ConcurrentListTest" time="0.006"/>
  <testcase name="testIsEmpty" classname="org.example.acrastt.utils.ConcurrentListTest" time="0.001"/>
  <testcase name="testRemove" classname="org.example.acrastt.utils.ConcurrentListTest" time="0.002"/>
  <testcase name="testStream" classname="org.example.acrastt.utils.ConcurrentListTest" time="0.004"/>
  <testcase name="testSpliterator" classname="org.example.acrastt.utils.ConcurrentListTest" time="0.002"/>
  <testcase name="testIterator" classname="org.example.acrastt.utils.ConcurrentListTest" time="0.002"/>
  <testcase name="testRemoveAll" classname="org.example.acrastt.utils.ConcurrentListTest" time="0.002"/>
  <testcase name="testSubList" classname="org.example.acrastt.utils.ConcurrentListTest" time="0.002"/>
  <testcase name="testCapacityConstructor" classname="org.example.acrastt.utils.ConcurrentListTest" time="0.001"/>
</testsuite>